<?xml version="1.0" encoding="UTF-8"?>
<!-- Generated by org.testng.reporters.JUnitXMLReporter -->
<testsuite hostname="GIRISH-PC" ignored="0" name="Test" tests="10" failures="0" timestamp="12 Nov 2017 21:28:57 GMT" time="5.364" errors="0">
  <testcase name="dataValidTest" time="0.209" classname="DataDrivenTests.DataProviderTest"/>
  <testcase name="dataValidTest" time="0.007" classname="DataDrivenTests.DataProviderTest"/>
  <testcase name="dataValidTest" time="0.024" classname="DataDrivenTests.DataProviderTest"/>
  <testcase name="dataValidTest" time="0.002" classname="DataDrivenTests.DataProviderTest"/>
  <testcase name="dataValidTest" time="0.002" classname="DataDrivenTests.DataProviderTest"/>
  <testcase name="dataValidTest" time="0.002" classname="DataDrivenTests.DataProviderTest"/>
  <testcase name="dataValidTest" time="0.001" classname="DataDrivenTests.DataProviderTest"/>
  <testcase name="test" time="0.001" classname="DataDrivenTests.DataProviderTest"/>
  <testcase name="test" time="0.001" classname="DataDrivenTests.DataProviderTest"/>
  <testcase name="readExcelData" time="4.468" classname="DataDrivenTests.ReadExcel"/>
</testsuite> <!-- Test -->
