<?xml version="1.0" encoding="UTF-8"?>
<testng-results skipped="0" failed="0" ignored="0" total="10" passed="10">
  <reporter-output>
  </reporter-output>
  <suite name="Suite" duration-ms="5364" started-at="2017-11-12T21:28:52Z" finished-at="2017-11-12T21:28:57Z">
    <groups>
    </groups>
    <test name="Test" duration-ms="5364" started-at="2017-11-12T21:28:52Z" finished-at="2017-11-12T21:28:57Z">
      <class name="DataDrivenTests.ReadExcel">
        <test-method status="PASS" signature="readExcelData()[pri:0, instance:DataDrivenTests.ReadExcel@f5e5e3]" name="readExcelData" duration-ms="4468" started-at="2017-11-12T21:28:53Z" finished-at="2017-11-12T21:28:57Z">
          <reporter-output>
          </reporter-output>
        </test-method> <!-- readExcelData -->
      </class> <!-- DataDrivenTests.ReadExcel -->
      <class name="DataDrivenTests.DataProviderTest">
        <test-method status="PASS" signature="dataValidTest(int)[pri:0, instance:DataDrivenTests.DataProviderTest@82f6ef]" name="dataValidTest" duration-ms="209" started-at="2017-11-12T21:28:52Z" data-provider="provideDaysInterval" finished-at="2017-11-12T21:28:52Z">
          <params>
            <param index="0">
              <value>
                <![CDATA[1]]>
              </value>
            </param>
          </params>
          <reporter-output>
          </reporter-output>
        </test-method> <!-- dataValidTest -->
        <test-method status="PASS" signature="dataValidTest(int)[pri:0, instance:DataDrivenTests.DataProviderTest@82f6ef]" name="dataValidTest" duration-ms="7" started-at="2017-11-12T21:28:52Z" data-provider="provideDaysInterval" finished-at="2017-11-12T21:28:52Z">
          <params>
            <param index="0">
              <value>
                <![CDATA[2]]>
              </value>
            </param>
          </params>
          <reporter-output>
          </reporter-output>
        </test-method> <!-- dataValidTest -->
        <test-method status="PASS" signature="dataValidTest(int)[pri:0, instance:DataDrivenTests.DataProviderTest@82f6ef]" name="dataValidTest" duration-ms="24" started-at="2017-11-12T21:28:52Z" data-provider="provideDaysInterval" finished-at="2017-11-12T21:28:53Z">
          <params>
            <param index="0">
              <value>
                <![CDATA[28]]>
              </value>
            </param>
          </params>
          <reporter-output>
          </reporter-output>
        </test-method> <!-- dataValidTest -->
        <test-method status="PASS" signature="dataValidTest(int)[pri:0, instance:DataDrivenTests.DataProviderTest@82f6ef]" name="dataValidTest" duration-ms="2" started-at="2017-11-12T21:28:53Z" data-provider="provideDaysInterval" finished-at="2017-11-12T21:28:53Z">
          <params>
            <param index="0">
              <value>
                <![CDATA[110]]>
              </value>
            </param>
          </params>
          <reporter-output>
          </reporter-output>
        </test-method> <!-- dataValidTest -->
        <test-method status="PASS" signature="dataValidTest(int)[pri:0, instance:DataDrivenTests.DataProviderTest@82f6ef]" name="dataValidTest" duration-ms="2" started-at="2017-11-12T21:28:53Z" data-provider="provideDaysInterval" finished-at="2017-11-12T21:28:53Z">
          <params>
            <param index="0">
              <value>
                <![CDATA[365]]>
              </value>
            </param>
          </params>
          <reporter-output>
          </reporter-output>
        </test-method> <!-- dataValidTest -->
        <test-method status="PASS" signature="dataValidTest(int)[pri:0, instance:DataDrivenTests.DataProviderTest@82f6ef]" name="dataValidTest" duration-ms="2" started-at="2017-11-12T21:28:53Z" data-provider="provideDaysInterval" finished-at="2017-11-12T21:28:53Z">
          <params>
            <param index="0">
              <value>
                <![CDATA[400]]>
              </value>
            </param>
          </params>
          <reporter-output>
          </reporter-output>
        </test-method> <!-- dataValidTest -->
        <test-method status="PASS" signature="dataValidTest(int)[pri:0, instance:DataDrivenTests.DataProviderTest@82f6ef]" name="dataValidTest" duration-ms="1" started-at="2017-11-12T21:28:53Z" data-provider="provideDaysInterval" finished-at="2017-11-12T21:28:53Z">
          <params>
            <param index="0">
              <value>
                <![CDATA[800]]>
              </value>
            </param>
          </params>
          <reporter-output>
          </reporter-output>
        </test-method> <!-- dataValidTest -->
        <test-method status="PASS" signature="test(java.lang.String, java.lang.String)[pri:0, instance:DataDrivenTests.DataProviderTest@82f6ef]" name="test" duration-ms="1" started-at="2017-11-12T21:28:53Z" data-provider="Authentication" finished-at="2017-11-12T21:28:53Z">
          <params>
            <param index="0">
              <value>
                <![CDATA[testuser_1]]>
              </value>
            </param>
            <param index="1">
              <value>
                <![CDATA[Test@123]]>
              </value>
            </param>
          </params>
          <reporter-output>
          </reporter-output>
        </test-method> <!-- test -->
        <test-method status="PASS" signature="test(java.lang.String, java.lang.String)[pri:0, instance:DataDrivenTests.DataProviderTest@82f6ef]" name="test" duration-ms="1" started-at="2017-11-12T21:28:53Z" data-provider="Authentication" finished-at="2017-11-12T21:28:53Z">
          <params>
            <param index="0">
              <value>
                <![CDATA[testuser_2]]>
              </value>
            </param>
            <param index="1">
              <value>
                <![CDATA[Test@126]]>
              </value>
            </param>
          </params>
          <reporter-output>
          </reporter-output>
        </test-method> <!-- test -->
      </class> <!-- DataDrivenTests.DataProviderTest -->
    </test> <!-- Test -->
  </suite> <!-- Suite -->
</testng-results>
